2023-03-15 14:29:12,814 - pyswarms.single.global_best - INFO - Optimize for 50 iters with {'c1': 0.5, 'c2': 0.3, 'w': 0.5}
2023-03-15 14:29:12,897 - pyswarms.single.global_best - INFO - Optimization finished | best cost: 0.0002525991081719903, best pos: [-0.01537421  0.00402899]
2023-03-15 14:29:29,502 - matplotlib.animation - WARNING - MovieWriter imagemagick unavailable; using Pillow instead.
2023-03-15 14:29:29,504 - matplotlib.animation - INFO - Animation.save using <class 'matplotlib.animation.PillowWriter'>
2023-03-15 14:32:08,759 - pyswarms.single.global_best - INFO - Optimize for 50 iters with {'c1': 0.5, 'c2': 0.3, 'w': 0.5}
2023-03-15 14:32:08,804 - pyswarms.single.global_best - INFO - Optimization finished | best cost: 0.0328285182236877, best pos: [0.08418194 0.16044288]
2023-03-15 14:32:14,294 - matplotlib.animation - WARNING - MovieWriter imagemagick unavailable; using Pillow instead.
2023-03-15 14:32:14,294 - matplotlib.animation - INFO - Animation.save using <class 'matplotlib.animation.PillowWriter'>
2023-03-15 14:33:39,571 - pyswarms.single.global_best - INFO - Optimize for 200 iters with {'c1': 0.5, 'c2': 0.3, 'w': 0.9}
2023-03-15 14:33:39,764 - pyswarms.single.global_best - INFO - Optimization finished | best cost: 7.569294963635059e-12, best pos: [-1.95017704e-06 -1.94064538e-06]
2023-03-15 14:34:28,547 - pyswarms.single.global_best - INFO - Optimize for 50 iters with {'c1': 0.5, 'c2': 0.3, 'w': 0.5}
2023-03-15 14:34:28,593 - pyswarms.single.global_best - INFO - Optimization finished | best cost: 0.06165058358884999, best pos: [0.19047299 0.15928159]
2023-03-15 14:34:34,500 - matplotlib.animation - WARNING - MovieWriter imagemagick unavailable; using Pillow instead.
2023-03-15 14:34:34,501 - matplotlib.animation - INFO - Animation.save using <class 'matplotlib.animation.PillowWriter'>
2023-03-15 14:35:07,816 - pyswarms.single.global_best - INFO - Optimize for 200 iters with {'c1': 0.5, 'c2': 0.3, 'w': 0.9}
2023-03-15 14:35:08,018 - pyswarms.single.global_best - INFO - Optimization finished | best cost: 1.7985816149886732e-11, best pos: [-1.09398782e-06 -4.09743905e-06]
2023-03-15 14:35:36,966 - pyswarms.single.global_best - INFO - Optimize for 50 iters with {'c1': 0.5, 'c2': 0.3, 'w': 0.9}
2023-03-15 14:35:37,015 - pyswarms.single.global_best - INFO - Optimization finished | best cost: 1.540409407252252e-05, best pos: [-0.00223858 -0.00322379]
2023-03-15 14:35:46,707 - matplotlib.animation - WARNING - MovieWriter imagemagick unavailable; using Pillow instead.
2023-03-15 14:35:46,708 - matplotlib.animation - INFO - Animation.save using <class 'matplotlib.animation.PillowWriter'>
2023-03-15 14:36:05,035 - pyswarms.single.global_best - INFO - Optimize for 50 iters with {'c1': 0.5, 'c2': 0.3, 'w': 2.9}
2023-03-15 14:36:05,188 - pyswarms.single.global_best - INFO - Optimization finished | best cost: 0.32144344839201905, best pos: [0.30040514 0.48083282]
2023-03-15 14:36:11,831 - matplotlib.animation - WARNING - MovieWriter imagemagick unavailable; using Pillow instead.
2023-03-15 14:36:11,832 - matplotlib.animation - INFO - Animation.save using <class 'matplotlib.animation.PillowWriter'>
2023-03-15 14:36:30,260 - pyswarms.single.global_best - INFO - Optimize for 50 iters with {'c1': 0.5, 'c2': 0.3, 'w': 0.9}
2023-03-15 14:36:30,327 - pyswarms.single.global_best - INFO - Optimization finished | best cost: 2.2230899017598568e-05, best pos: [-0.00369186 -0.00293276]
2023-03-15 14:36:39,485 - matplotlib.animation - WARNING - MovieWriter imagemagick unavailable; using Pillow instead.
2023-03-15 14:36:39,487 - matplotlib.animation - INFO - Animation.save using <class 'matplotlib.animation.PillowWriter'>
2023-03-15 14:36:59,915 - pyswarms.single.global_best - INFO - Optimize for 50 iters with {'c1': 0.5, 'c2': 0.3, 'w': 0.6}
2023-03-15 14:37:00,060 - pyswarms.single.global_best - INFO - Optimization finished | best cost: 1.8995412952452134e-13, best pos: [-1.62647034e-08 -4.35533683e-07]
2023-03-15 14:37:09,246 - matplotlib.animation - WARNING - MovieWriter imagemagick unavailable; using Pillow instead.
2023-03-15 14:37:09,247 - matplotlib.animation - INFO - Animation.save using <class 'matplotlib.animation.PillowWriter'>
2023-03-15 14:37:31,525 - pyswarms.single.global_best - INFO - Optimize for 50 iters with {'c1': 0.5, 'c2': 0.3, 'w': 0.5}
2023-03-15 14:37:31,646 - pyswarms.single.global_best - INFO - Optimization finished | best cost: 0.12085704053591462, best pos: [0.22483356 0.26515451]
2023-03-15 14:37:37,966 - matplotlib.animation - WARNING - MovieWriter imagemagick unavailable; using Pillow instead.
2023-03-15 14:37:37,967 - matplotlib.animation - INFO - Animation.save using <class 'matplotlib.animation.PillowWriter'>
2023-03-15 14:37:53,800 - pyswarms.single.global_best - INFO - Optimize for 50 iters with {'c1': 0.5, 'c2': 0.3, 'w': 0.6}
2023-03-15 14:37:53,857 - pyswarms.single.global_best - INFO - Optimization finished | best cost: 4.472778086777574e-14, best pos: [-1.61999591e-07 -1.35955556e-07]
2023-03-15 14:38:01,556 - matplotlib.animation - WARNING - MovieWriter imagemagick unavailable; using Pillow instead.
2023-03-15 14:38:01,557 - matplotlib.animation - INFO - Animation.save using <class 'matplotlib.animation.PillowWriter'>
2023-03-15 14:39:06,897 - pyswarms.single.global_best - INFO - Optimize for 200 iters with {'c1': 0.5, 'c2': 0.3, 'w': 0.9}
2023-03-15 14:39:07,122 - pyswarms.single.global_best - INFO - Optimization finished | best cost: 7.715143509197203e-12, best pos: [ 2.72737341e-06 -5.25906646e-07]
2023-03-15 14:58:13,892 - pyswarms.single.global_best - INFO - Optimize for 200 iters with {'c1': 0.5, 'c2': 0.3, 'w': 0.9}
2023-03-15 14:58:14,170 - pyswarms.single.global_best - INFO - Optimization finished | best cost: 2.5060002735954435e-12, best pos: [-1.15742547e-06 -1.07998451e-06]
2023-03-21 12:36:37,451 - pyswarms.single.global_best - INFO - Optimize for 200 iters with {'c1': 0.5, 'c2': 0.3, 'w': 0.9}
2023-03-21 12:36:37,542 - pyswarms.single.global_best - INFO - Optimization finished | best cost: 1.297059651921706e-11, best pos: [-1.01333183e-06 -3.45597383e-06]
2023-03-21 12:40:42,186 - pyswarms.single.global_best - INFO - Optimize for 50 iters with {'c1': 0.5, 'c2': 0.3, 'w': 1.9}
2023-03-21 12:40:42,205 - pyswarms.single.global_best - INFO - Optimization finished | best cost: 0.14789747964906783, best pos: [0.38203657 0.04410827]
2023-03-21 12:40:44,754 - matplotlib.animation - WARNING - MovieWriter imagemagick unavailable; using Pillow instead.
2023-03-21 12:40:44,755 - matplotlib.animation - INFO - Animation.save using <class 'matplotlib.animation.PillowWriter'>
2023-03-21 12:41:22,349 - pyswarms.single.global_best - INFO - Optimize for 50 iters with {'c1': 0.5, 'c2': 0.3, 'w': 0.9}
2023-03-21 12:41:22,376 - pyswarms.single.global_best - INFO - Optimization finished | best cost: 3.110051398187572e-05, best pos: [-0.00250093 -0.00498456]
2023-03-21 12:41:25,211 - matplotlib.animation - WARNING - MovieWriter imagemagick unavailable; using Pillow instead.
2023-03-21 12:41:25,212 - matplotlib.animation - INFO - Animation.save using <class 'matplotlib.animation.PillowWriter'>
2023-03-21 12:44:16,340 - pyswarms.single.global_best - INFO - Optimize for 50 iters with {'c1': 0.5, 'c2': 0.3, 'w': 0.0}
2023-03-21 12:44:16,361 - pyswarms.single.global_best - INFO - Optimization finished | best cost: 0.12825055698501042, best pos: [0.16122271 0.31977773]
2023-03-21 12:44:19,312 - matplotlib.animation - WARNING - MovieWriter imagemagick unavailable; using Pillow instead.
2023-03-21 12:44:19,312 - matplotlib.animation - INFO - Animation.save using <class 'matplotlib.animation.PillowWriter'>
2023-03-21 12:45:09,453 - pyswarms.single.global_best - INFO - Optimize for 50 iters with {'c1': 0.5, 'c2': 0.3, 'w': 0.6}
2023-03-21 12:45:09,499 - pyswarms.single.global_best - INFO - Optimization finished | best cost: 5.522307610292032e-14, best pos: [ 5.57318961e-08 -2.28291550e-07]
2023-03-21 12:45:13,484 - matplotlib.animation - WARNING - MovieWriter imagemagick unavailable; using Pillow instead.
2023-03-21 12:45:13,484 - matplotlib.animation - INFO - Animation.save using <class 'matplotlib.animation.PillowWriter'>
2023-03-21 12:46:16,313 - pyswarms.single.global_best - INFO - Optimize for 50 iters with {'c1': 1.5, 'c2': 0.3, 'w': 0.6}
2023-03-21 12:46:16,335 - pyswarms.single.global_best - INFO - Optimization finished | best cost: 1.2638945195229764e-11, best pos: [-2.99695051e-06 -1.91238930e-06]
2023-03-21 12:46:19,106 - matplotlib.animation - WARNING - MovieWriter imagemagick unavailable; using Pillow instead.
2023-03-21 12:46:19,107 - matplotlib.animation - INFO - Animation.save using <class 'matplotlib.animation.PillowWriter'>
